<?xml version="1.0" encoding="UTF-8"?>
<!-- Generated by org.testng.reporters.JUnitXMLReporter -->
<testsuite ignored="0" hostname="MT-5CG0183GSL" failures="0" tests="6" name="Default test" time="10.041" errors="0" timestamp="2023-08-31T12:40:51 IST">
  <testcase classname="api.test.DDTests" name="testPostUser" time="5.497"/>
  <testcase classname="api.test.DDTests" name="testPostUser" time="0.608"/>
  <testcase classname="api.test.DDTests" name="testPostUser" time="0.411"/>
  <testcase classname="api.test.DDTests" name="testDeleteUserByName" time="0.41"/>
  <testcase classname="api.test.DDTests" name="testDeleteUserByName" time="0.503"/>
  <testcase classname="api.test.DDTests" name="testDeleteUserByName" time="0.382"/>
</testsuite> <!-- Default test -->
