<?xml version="1.0" encoding="UTF-8"?>
<testsuite xmlns:xsi="http://www.w3.org/2001/XMLSchema-instance" xsi:noNamespaceSchemaLocation="https://maven.apache.org/surefire/maven-surefire-plugin/xsd/surefire-test-report-3.0.xsd" version="3.0" name="TestSuite" time="15.328" tests="10" errors="0" skipped="0" failures="0">
  <properties>
[...]
</properties>
  <testcase name="testPostUser" classname="api.test.UserTests" time="5.102">
    <system-out><![CDATA[HTTP/1.1 200 OK
Date: Fri, 01 Sep 2023 06:53:57 GMT
Content-Type: application/json
Transfer-Encoding: chunked
Connection: keep-alive
Access-Control-Allow-Origin: *
Access-Control-Allow-Methods: GET, POST, DELETE, PUT
Access-Control-Allow-Headers: Content-Type, api_key, Authorization
Server: Jetty(9.2.9.v20150224)

{
    "code": 200,
    "type": "unknown",
    "message": "405741210"
}
]]></system-out>
    <system-err><![CDATA[SLF4J: No SLF4J providers were found.
SLF4J: Defaulting to no-operation (NOP) logger implementation
SLF4J: See https://www.slf4j.org/codes.html#noProviders for further details.
]]></system-err>
  </testcase>
  <testcase name="testGetUserByName" classname="api.test.UserTests" time="0.518">
    <system-out><![CDATA[HTTP/1.1 200 OK
Date: Fri, 01 Sep 2023 06:53:57 GMT
Content-Type: application/json
Transfer-Encoding: chunked
Connection: keep-alive
Access-Control-Allow-Origin: *
Access-Control-Allow-Methods: GET, POST, DELETE, PUT
Access-Control-Allow-Headers: Content-Type, api_key, Authorization
Server: Jetty(9.2.9.v20150224)

{
    "id": 405741210,
    "username": "norene.kuphal",
    "firstName": "Sage",
    "lastName": "Upton",
    "email": "lena.jaskolski@example.com",
    "password": "rp3f3v",
    "phone": "612.099.5979",
    "userStatus": 0
}
]]></system-out>
  </testcase>
  <testcase name="testUpdateUserByName" classname="api.test.UserTests" time="0.989">
    <system-out><![CDATA[HTTP/1.1 200 OK
Date: Fri, 01 Sep 2023 06:53:58 GMT
Content-Type: application/json
Transfer-Encoding: chunked
Connection: keep-alive
Access-Control-Allow-Origin: *
Access-Control-Allow-Methods: GET, POST, DELETE, PUT
Access-Control-Allow-Headers: Content-Type, api_key, Authorization
Server: Jetty(9.2.9.v20150224)

{
    "code": 200,
    "type": "unknown",
    "message": "405741210"
}
]]></system-out>
  </testcase>
  <testcase name="testDeleteUserByName" classname="api.test.UserTests" time="0.521"/>
  <testcase name="testPostUser[10101, testuser1, john , Canedy, a@gmail.com, test@1, 1234567897](1)" classname="api.test.DDTests" time="0.446"/>
  <testcase name="testPostUser[10201, testuser2, kim, Kom, b@gmail.com, test@2, 1234567897](2)" classname="api.test.DDTests" time="0.407"/>
  <testcase name="testPostUser[10301, testuser3, Smith, Steve, c@gmail.com, test@3, 1234567897](3)" classname="api.test.DDTests" time="0.343"/>
  <testcase name="testDeleteUserByName[testuser1](1)" classname="api.test.DDTests" time="0.426"/>
  <testcase name="testDeleteUserByName[testuser2](2)" classname="api.test.DDTests" time="0.465"/>
  <testcase name="testDeleteUserByName[testuser3](3)" classname="api.test.DDTests" time="0.325"/>
</testsuite>