<?xml version="1.0" encoding="UTF-8"?>
<!-- Generated by org.testng.reporters.JUnitXMLReporter -->
<testsuite ignored="0" hostname="MT-5CG0183GSL" failures="0" tests="10" name="PetTests" time="12.675" errors="0" timestamp="2023-09-01T12:24:04 IST">
  <testcase classname="api.test.UserTests" name="testPostUser" time="5.091"/>
  <testcase classname="api.test.UserTests" name="testGetUserByName" time="0.496"/>
  <testcase classname="api.test.UserTests" name="testUpdateUserByName" time="1.014"/>
  <testcase classname="api.test.UserTests" name="testDeleteUserByName" time="0.521"/>
  <testcase classname="api.test.DDTests" name="testPostUser" time="0.446"/>
  <testcase classname="api.test.DDTests" name="testPostUser" time="0.406"/>
  <testcase classname="api.test.DDTests" name="testPostUser" time="0.342"/>
  <testcase classname="api.test.DDTests" name="testDeleteUserByName" time="0.426"/>
  <testcase classname="api.test.DDTests" name="testDeleteUserByName" time="0.466"/>
  <testcase classname="api.test.DDTests" name="testDeleteUserByName" time="0.324"/>
</testsuite> <!-- PetTests -->
