<?xml version="1.0" encoding="UTF-8"?>
<!-- Generated by org.testng.reporters.JUnitXMLReporter -->
<testsuite ignored="0" hostname="MT-5CG0183GSL" failures="0" tests="10" name="PetTests" time="9.625" errors="0" timestamp="2023-08-31T16:15:02 IST">
  <testcase classname="api.test.UserTests" name="testPostUser" time="2.792"/>
  <testcase classname="api.test.UserTests" name="testGetUserByName" time="0.589"/>
  <testcase classname="api.test.UserTests" name="testUpdateUserByName" time="0.768"/>
  <testcase classname="api.test.UserTests" name="testDeleteUserByName" time="1.181"/>
  <testcase classname="api.test.DDTests" name="testPostUser" time="0.369"/>
  <testcase classname="api.test.DDTests" name="testPostUser" time="0.475"/>
  <testcase classname="api.test.DDTests" name="testPostUser" time="0.479"/>
  <testcase classname="api.test.DDTests" name="testDeleteUserByName" time="0.372"/>
  <testcase classname="api.test.DDTests" name="testDeleteUserByName" time="0.376"/>
  <testcase classname="api.test.DDTests" name="testDeleteUserByName" time="0.351"/>
</testsuite> <!-- PetTests -->
